
Showing logs for build [32mcb-kubecd-environment-pr-203-21-84m6t-1[0m stage [32mfrom-build-pack[0m and container [32mstep-credential-initializer-4bnqc[0m
{"level":"info","ts":1587085837.24462,"logger":"fallback-logger","caller":"logging/config.go:69","msg":"Fetch GitHub commit ID from kodata failed: open /var/run/ko/refs/heads/0.8.0-ns-support: no such file or directory"}
{"level":"info","ts":1587085837.2450988,"logger":"fallback-logger","caller":"creds-init/main.go:40","msg":"Credentials initialized."}

Showing logs for build [32mcb-kubecd-environment-pr-203-21-84m6t-1[0m stage [32mfrom-build-pack[0m and container [32mstep-working-dir-initializer-txdzt[0m
{"level":"info","ts":1587085838.2500048,"logger":"fallback-logger","caller":"logging/config.go:69","msg":"Fetch GitHub commit ID from kodata failed: open /var/run/ko/HEAD: no such file or directory"}
{"level":"info","ts":1587085838.2516363,"logger":"fallback-logger","caller":"bash/main.go:64","msg":"Successfully executed command \"sh -c mkdir -p /workspace/source\"; output "}

Showing logs for build [32mcb-kubecd-environment-pr-203-21-84m6t-1[0m stage [32mfrom-build-pack[0m and container [32mstep-place-tools[0m

Showing logs for build [32mcb-kubecd-environment-pr-203-21-84m6t-1[0m stage [32mfrom-build-pack[0m and container [32mstep-git-source-cb-kubecd-environment-pr-203-21-84m6t-spcsh[0m
{"level":"info","ts":1587085842.4257746,"logger":"fallback-logger","caller":"logging/config.go:69","msg":"Fetch GitHub commit ID from kodata failed: open /var/run/ko/refs/heads/0.8.0-ns-support: no such file or directory"}
{"level":"info","ts":1587085843.4574492,"logger":"fallback-logger","caller":"git/git.go:103","msg":"Successfully cloned https://github.com/cb-kubecd/environment-pr-203-21-boot-gke-staging.git @ master in path /workspace/source"}

Showing logs for build [32mcb-kubecd-environment-pr-203-21-84m6t-1[0m stage [32mfrom-build-pack[0m and container [32mstep-git-merge[0m
Using SHAs from PULL_REFS=master:48d0e3ac3e4dea66ca9283840d887b0cb6ce29b5,4:330cfeaabd9b7c7492c0b02ce5f49685c5679754
DEBUG: LC_ALL=C JX_LOG_LEVEL=error git fetch origin --unshallow 330cfeaabd9b7c7492c0b02ce5f49685c5679754: 48d0e3ac3e4dea66ca9283840d887b0cb6ce29b5:
DEBUG: ran git fetch --unshallow origin 330cfeaabd9b7c7492c0b02ce5f49685c5679754: 48d0e3ac3e4dea66ca9283840d887b0cb6ce29b5: in 
DEBUG: LC_ALL=C JX_LOG_LEVEL=error git branch
DEBUG: LC_ALL=C JX_LOG_LEVEL=error git checkout master
DEBUG: ran git checkout master in 
DEBUG: LC_ALL=C JX_LOG_LEVEL=error git reset --hard 48d0e3ac3e4dea66ca9283840d887b0cb6ce29b5
DEBUG: ran git reset --hard 48d0e3ac3e4dea66ca9283840d887b0cb6ce29b5 in 
DEBUG: JX_LOG_LEVEL=error LC_ALL=C git clean -fd .
DEBUG: ran clean --force -d . in 
DEBUG: JX_LOG_LEVEL=error LC_ALL=C git merge 330cfeaabd9b7c7492c0b02ce5f49685c5679754
DEBUG: ran git merge 330cfeaabd9b7c7492c0b02ce5f49685c5679754 in 
DEBUG: JX_LOG_LEVEL=error LC_ALL=C git log --format=%H%x1f%an%x1f%ae%x1f%cn%x1f%ce%x1f%s%n%b%x1e 48d0e3ac3e4dea66ca9283840d887b0cb6ce29b5..HEAD
Merged SHA 330cfeaabd9b7c7492c0b02ce5f49685c5679754 with commit message 'chore: Promote bdd-gh-1587084086 to version 0.0.1' into base branch master

Showing logs for build [32mcb-kubecd-environment-pr-203-21-84m6t-1[0m stage [32mfrom-build-pack[0m and container [32mstep-build-helm-build[0m
WARNING: No $CHART_REPOSITORY defined so using the default value of: http://jenkins-x-chartmuseum:8080
Adding missing Helm repo: storage.googleapis.com https://storage.googleapis.com/chartmuseum.jenkins-x.io
WARNING: No secrets found on "helm/repos" due: reading the secret "helm/repos" from vault: no secret "helm/repos" not found in vault
Read credentials for https://storage.googleapis.com/chartmuseum.jenkins-x.io from vault helm/repos
Successfully added Helm repository storage.googleapis.com.
Adding missing Helm repo: jenkins-x-chartmuseum http://jenkins-x-chartmuseum:8080
WARNING: No secrets found on "helm/repos" due: reading the secret "helm/repos" from vault: no secret "helm/repos" not found in vault
Read credentials for http://jenkins-x-chartmuseum:8080 from vault helm/repos
Successfully added Helm repository jenkins-x-chartmuseum.
WARNING: No $CHART_REPOSITORY defined so using the default value of: http://jenkins-x-chartmuseum:8080
Adding missing Helm repo: chartmuseum.jenkins-x.io http://chartmuseum.jenkins-x.io
WARNING: No secrets found on "helm/repos" due: reading the secret "helm/repos" from vault: no secret "helm/repos" not found in vault
Read credentials for http://chartmuseum.jenkins-x.io from vault helm/repos
Successfully added Helm repository chartmuseum.jenkins-x.io.
