
Showing logs for build [32mcb-kubecd-environment-pr-203-21-jwxt7-1[0m stage [32mfrom-build-pack[0m and container [32mstep-credential-initializer-qfvd2[0m
{"level":"info","ts":1587087523.9054449,"logger":"fallback-logger","caller":"logging/config.go:69","msg":"Fetch GitHub commit ID from kodata failed: open /var/run/ko/refs/heads/0.8.0-ns-support: no such file or directory"}
{"level":"info","ts":1587087523.9059365,"logger":"fallback-logger","caller":"creds-init/main.go:40","msg":"Credentials initialized."}

Showing logs for build [32mcb-kubecd-environment-pr-203-21-jwxt7-1[0m stage [32mfrom-build-pack[0m and container [32mstep-working-dir-initializer-dx6dj[0m
{"level":"info","ts":1587087524.5221775,"logger":"fallback-logger","caller":"logging/config.go:69","msg":"Fetch GitHub commit ID from kodata failed: open /var/run/ko/HEAD: no such file or directory"}
{"level":"info","ts":1587087524.5240488,"logger":"fallback-logger","caller":"bash/main.go:64","msg":"Successfully executed command \"sh -c mkdir -p /workspace/source\"; output "}

Showing logs for build [32mcb-kubecd-environment-pr-203-21-jwxt7-1[0m stage [32mfrom-build-pack[0m and container [32mstep-place-tools[0m

Showing logs for build [32mcb-kubecd-environment-pr-203-21-jwxt7-1[0m stage [32mfrom-build-pack[0m and container [32mstep-git-source-cb-kubecd-environment-pr-203-21-jwxt7-s2drf[0m
{"level":"info","ts":1587087529.6821299,"logger":"fallback-logger","caller":"logging/config.go:69","msg":"Fetch GitHub commit ID from kodata failed: open /var/run/ko/refs/heads/0.8.0-ns-support: no such file or directory"}
{"level":"info","ts":1587087530.7915878,"logger":"fallback-logger","caller":"git/git.go:103","msg":"Successfully cloned https://github.com/cb-kubecd/environment-pr-203-21-boot-gke-staging.git @ master in path /workspace/source"}

Showing logs for build [32mcb-kubecd-environment-pr-203-21-jwxt7-1[0m stage [32mfrom-build-pack[0m and container [32mstep-git-merge[0m
Using SHAs from PULL_REFS=master:35fbd423d98c5b55700d7238f3e385a5c3e2d43e,7:e17bcbbe2850764aaf95c52edda4ef99472bfbcb
DEBUG: JX_LOG_LEVEL=error LC_ALL=C git fetch origin --unshallow e17bcbbe2850764aaf95c52edda4ef99472bfbcb: 35fbd423d98c5b55700d7238f3e385a5c3e2d43e:
DEBUG: ran git fetch --unshallow origin e17bcbbe2850764aaf95c52edda4ef99472bfbcb: 35fbd423d98c5b55700d7238f3e385a5c3e2d43e: in 
DEBUG: LC_ALL=C JX_LOG_LEVEL=error git branch
DEBUG: LC_ALL=C JX_LOG_LEVEL=error git checkout master
DEBUG: ran git checkout master in 
DEBUG: LC_ALL=C JX_LOG_LEVEL=error git reset --hard 35fbd423d98c5b55700d7238f3e385a5c3e2d43e
DEBUG: ran git reset --hard 35fbd423d98c5b55700d7238f3e385a5c3e2d43e in 
DEBUG: LC_ALL=C JX_LOG_LEVEL=error git clean -fd .
DEBUG: ran clean --force -d . in 
DEBUG: LC_ALL=C JX_LOG_LEVEL=error git merge e17bcbbe2850764aaf95c52edda4ef99472bfbcb
DEBUG: ran git merge e17bcbbe2850764aaf95c52edda4ef99472bfbcb in 
DEBUG: LC_ALL=C JX_LOG_LEVEL=error git log --format=%H%x1f%an%x1f%ae%x1f%cn%x1f%ce%x1f%s%n%b%x1e 35fbd423d98c5b55700d7238f3e385a5c3e2d43e..HEAD
Merged SHA e17bcbbe2850764aaf95c52edda4ef99472bfbcb with commit message 'chore: Promote bdd-ghf**y-import-1587086262 to version 0.0.1' into base branch master

Showing logs for build [32mcb-kubecd-environment-pr-203-21-jwxt7-1[0m stage [32mfrom-build-pack[0m and container [32mstep-build-helm-build[0m
WARNING: No $CHART_REPOSITORY defined so using the default value of: http://jenkins-x-chartmuseum:8080
Adding missing Helm repo: storage.googleapis.com https://storage.googleapis.com/chartmuseum.jenkins-x.io
WARNING: No secrets found on "helm/repos" due: reading the secret "helm/repos" from vault: no secret "helm/repos" not found in vault
Read credentials for https://storage.googleapis.com/chartmuseum.jenkins-x.io from vault helm/repos
Successfully added Helm repository storage.googleapis.com.
Adding missing Helm repo: jenkins-x-chartmuseum http://jenkins-x-chartmuseum:8080
WARNING: No secrets found on "helm/repos" due: reading the secret "helm/repos" from vault: no secret "helm/repos" not found in vault
Read credentials for http://jenkins-x-chartmuseum:8080 from vault helm/repos
Successfully added Helm repository jenkins-x-chartmuseum.
WARNING: No $CHART_REPOSITORY defined so using the default value of: http://jenkins-x-chartmuseum:8080
Adding missing Helm repo: chartmuseum.jenkins-x.io http://chartmuseum.jenkins-x.io
WARNING: No secrets found on "helm/repos" due: reading the secret "helm/repos" from vault: no secret "helm/repos" not found in vault
Read credentials for http://chartmuseum.jenkins-x.io from vault helm/repos
Successfully added Helm repository chartmuseum.jenkins-x.io.
