
Showing logs for build [32mcb-kubecd-environment-pr-203-21-qhqwx-1[0m stage [32mfrom-build-pack[0m and container [32mstep-credential-initializer-jqdrv[0m
{"level":"info","ts":1587084473.072292,"logger":"fallback-logger","caller":"logging/config.go:69","msg":"Fetch GitHub commit ID from kodata failed: open /var/run/ko/refs/heads/0.8.0-ns-support: no such file or directory"}
{"level":"info","ts":1587084473.0729816,"logger":"fallback-logger","caller":"creds-init/main.go:40","msg":"Credentials initialized."}

Showing logs for build [32mcb-kubecd-environment-pr-203-21-qhqwx-1[0m stage [32mfrom-build-pack[0m and container [32mstep-working-dir-initializer-jgsxf[0m
{"level":"info","ts":1587084474.288171,"logger":"fallback-logger","caller":"logging/config.go:69","msg":"Fetch GitHub commit ID from kodata failed: open /var/run/ko/HEAD: no such file or directory"}
{"level":"info","ts":1587084474.2918239,"logger":"fallback-logger","caller":"bash/main.go:64","msg":"Successfully executed command \"sh -c mkdir -p /workspace/source\"; output "}

Showing logs for build [32mcb-kubecd-environment-pr-203-21-qhqwx-1[0m stage [32mfrom-build-pack[0m and container [32mstep-place-tools[0m

Showing logs for build [32mcb-kubecd-environment-pr-203-21-qhqwx-1[0m stage [32mfrom-build-pack[0m and container [32mstep-git-source-cb-kubecd-environment-pr-203-21-qhqwx-c5cgc[0m
{"level":"info","ts":1587084478.432239,"logger":"fallback-logger","caller":"logging/config.go:69","msg":"Fetch GitHub commit ID from kodata failed: open /var/run/ko/refs/heads/0.8.0-ns-support: no such file or directory"}
{"level":"info","ts":1587084479.5366669,"logger":"fallback-logger","caller":"git/git.go:103","msg":"Successfully cloned https://github.com/cb-kubecd/environment-pr-203-21-boot-gke-staging.git @ master in path /workspace/source"}

Showing logs for build [32mcb-kubecd-environment-pr-203-21-qhqwx-1[0m stage [32mfrom-build-pack[0m and container [32mstep-git-merge[0m
Using SHAs from PULL_REFS=master:1f3ae6bfce5405b0de669d6ea9868b071bb256aa,2:2e46b1d6820b09c5c7c30021e780939118a9f872
DEBUG: LC_ALL=C JX_LOG_LEVEL=error git fetch origin --unshallow 2e46b1d6820b09c5c7c30021e780939118a9f872: 1f3ae6bfce5405b0de669d6ea9868b071bb256aa:
DEBUG: ran git fetch --unshallow origin 2e46b1d6820b09c5c7c30021e780939118a9f872: 1f3ae6bfce5405b0de669d6ea9868b071bb256aa: in 
DEBUG: LC_ALL=C JX_LOG_LEVEL=error git branch
DEBUG: LC_ALL=C JX_LOG_LEVEL=error git checkout master
DEBUG: ran git checkout master in 
DEBUG: LC_ALL=C JX_LOG_LEVEL=error git reset --hard 1f3ae6bfce5405b0de669d6ea9868b071bb256aa
DEBUG: ran git reset --hard 1f3ae6bfce5405b0de669d6ea9868b071bb256aa in 
DEBUG: JX_LOG_LEVEL=error LC_ALL=C git clean -fd .
DEBUG: ran clean --force -d . in 
DEBUG: LC_ALL=C JX_LOG_LEVEL=error git merge 2e46b1d6820b09c5c7c30021e780939118a9f872
DEBUG: ran git merge 2e46b1d6820b09c5c7c30021e780939118a9f872 in 
DEBUG: LC_ALL=C JX_LOG_LEVEL=error git log --format=%H%x1f%an%x1f%ae%x1f%cn%x1f%ce%x1f%s%n%b%x1e 1f3ae6bfce5405b0de669d6ea9868b071bb256aa..HEAD
Merged SHA 2e46b1d6820b09c5c7c30021e780939118a9f872 with commit message 'chore: Promote bdd-sbhg-1587084086 to version 0.0.1' into base branch master

Showing logs for build [32mcb-kubecd-environment-pr-203-21-qhqwx-1[0m stage [32mfrom-build-pack[0m and container [32mstep-build-helm-build[0m
WARNING: No $CHART_REPOSITORY defined so using the default value of: http://jenkins-x-chartmuseum:8080
Adding missing Helm repo: storage.googleapis.com https://storage.googleapis.com/chartmuseum.jenkins-x.io
WARNING: No secrets found on "helm/repos" due: reading the secret "helm/repos" from vault: no secret "helm/repos" not found in vault
Read credentials for https://storage.googleapis.com/chartmuseum.jenkins-x.io from vault helm/repos
Successfully added Helm repository storage.googleapis.com.
Adding missing Helm repo: jenkins-x-chartmuseum http://jenkins-x-chartmuseum:8080
WARNING: No secrets found on "helm/repos" due: reading the secret "helm/repos" from vault: no secret "helm/repos" not found in vault
Read credentials for http://jenkins-x-chartmuseum:8080 from vault helm/repos
Successfully added Helm repository jenkins-x-chartmuseum.
WARNING: No $CHART_REPOSITORY defined so using the default value of: http://jenkins-x-chartmuseum:8080
Adding missing Helm repo: chartmuseum.jenkins-x.io http://chartmuseum.jenkins-x.io
WARNING: No secrets found on "helm/repos" due: reading the secret "helm/repos" from vault: no secret "helm/repos" not found in vault
Read credentials for http://chartmuseum.jenkins-x.io from vault helm/repos
Successfully added Helm repository chartmuseum.jenkins-x.io.
